<?xml version="1.0" encoding="UTF-8"?>
<testng-results ignored="0" total="1" passed="1" failed="0" skipped="0">
  <reporter-output>
  </reporter-output>
  <suite started-at="2023-05-30T17:54:41 IST" name="Default suite" finished-at="2023-05-30T17:55:02 IST" duration-ms="21021">
    <groups>
    </groups>
    <test started-at="2023-05-30T17:54:41 IST" name="Default test" finished-at="2023-05-30T17:55:02 IST" duration-ms="21021">
      <class name="com.rent.testcases.Login_rent_TC001">
        <test-method is-config="true" signature="launchbrowser()[pri:0, instance:com.rent.testcases.Login_rent_TC001@3daa422a]" started-at="2023-05-30T17:54:41 IST" name="launchbrowser" finished-at="2023-05-30T17:54:52 IST" duration-ms="11405" status="PASS">
          <reporter-output>
          </reporter-output>
        </test-method> <!-- launchbrowser -->
        <test-method signature="Login_001()[pri:0, instance:com.rent.testcases.Login_rent_TC001@3daa422a]" started-at="2023-05-30T17:54:52 IST" name="Login_001" finished-at="2023-05-30T17:55:02 IST" duration-ms="9426" status="PASS">
          <reporter-output>
          </reporter-output>
        </test-method> <!-- Login_001 -->
        <test-method is-config="true" signature="closeBrowser()[pri:0, instance:com.rent.testcases.Login_rent_TC001@3daa422a]" started-at="2023-05-30T17:55:02 IST" name="closeBrowser" finished-at="2023-05-30T17:55:02 IST" duration-ms="144" status="PASS">
          <reporter-output>
          </reporter-output>
        </test-method> <!-- closeBrowser -->
      </class> <!-- com.rent.testcases.Login_rent_TC001 -->
    </test> <!-- Default test -->
  </suite> <!-- Default suite -->
</testng-results>
